<?xml version="1.0" encoding="UTF-8"?>
<testsuite xmlns:xsi="http://www.w3.org/2001/XMLSchema-instance" xsi:noNamespaceSchemaLocation="https://maven.apache.org/surefire/maven-surefire-plugin/xsd/surefire-test-report-3.0.xsd" version="3.0" name="TestSuite" time="325.685" tests="18" errors="0" skipped="10" failures="6">
  <properties>
[...]
</properties>
  <testcase name="addBoardButtonStatusDisable" classname="test.Boards_Test" time="30.179">
    <failure message="Expected condition failed: waiting for visibility of element located by By.xpath: (//div[@class=&apos;board-tile mod-add&apos;])[1] (tried for 30 second(s) with 500 milliseconds interval)" type="org.openqa.selenium.TimeoutException"><![CDATA[org.openqa.selenium.TimeoutException: Expected condition failed: waiting for visibility of element located by By.xpath: (//div[@class='board-tile mod-add'])[1] (tried for 30 second(s) with 500 milliseconds interval)
	at test.Boards_Test.addBoardButtonStatusDisable(Boards_Test.java:51)
Caused by: org.openqa.selenium.NoSuchElementException: 
no such element: Unable to locate element: {"method":"xpath","selector":"(//div[@class='board-tile mod-add'])[1]"}
  (Session info: chrome=95.0.4638.69)
For documentation on this error, please visit: https://www.seleniumhq.org/exceptions/no_such_element.html
Build info: version: '3.141.59', revision: 'e82be7d358', time: '2018-11-14T08:17:03'
System info: host: 'DESKTOP-7U2KV0A', ip: '192.168.230.98', os.name: 'Windows 10', os.arch: 'amd64', os.version: '10.0', java.version: '1.8.0_251'
Driver info: org.openqa.selenium.chrome.ChromeDriver
Capabilities {acceptInsecureCerts: false, browserName: chrome, browserVersion: 95.0.4638.69, chrome: {chromedriverVersion: 95.0.4638.54 (d31a821ec901f..., userDataDir: C:\Users\Agustin\AppData\Lo...}, goog:chromeOptions: {debuggerAddress: localhost:57946}, javascriptEnabled: true, networkConnectionEnabled: false, pageLoadStrategy: normal, platform: WINDOWS, platformName: WINDOWS, proxy: Proxy(), setWindowRect: true, strictFileInteractability: false, timeouts: {implicit: 0, pageLoad: 300000, script: 30000}, unhandledPromptBehavior: dismiss and notify, webauthn:extension:credBlob: true, webauthn:extension:largeBlob: true, webauthn:virtualAuthenticators: true}
Session ID: 43dc02da727895f3cd4c6985c60db340
*** Element info: {Using=xpath, value=(//div[@class='board-tile mod-add'])[1]}
	at test.Boards_Test.addBoardButtonStatusDisable(Boards_Test.java:51)
]]></failure>
    <system-err><![CDATA[SLF4J: Failed to load class "org.slf4j.impl.StaticLoggerBinder".
SLF4J: Defaulting to no-operation (NOP) logger implementation
SLF4J: See http://www.slf4j.org/codes.html#StaticLoggerBinder for further details.
Starting ChromeDriver 95.0.4638.54 (d31a821ec901f68d0d34ccdbaea45b4c86ce543e-refs/branch-heads/4638@{#871}) on port 12400
Only local connections are allowed.
Please see https://chromedriver.chromium.org/security-considerations for suggestions on keeping ChromeDriver safe.
ChromeDriver was started successfully.
Nov 05, 2021 11:39:35 AM org.openqa.selenium.remote.ProtocolHandshake createSession
INFO: Detected dialect: W3C
]]></system-err>
  </testcase>
  <testcase name="changeBoardName" classname="test.Boards_Test" time="30.328">
    <failure message="Expected condition failed: waiting for visibility of element located by By.xpath: (//div[@class=&apos;board-tile mod-add&apos;])[1] (tried for 30 second(s) with 500 milliseconds interval)" type="org.openqa.selenium.TimeoutException"><![CDATA[org.openqa.selenium.TimeoutException: Expected condition failed: waiting for visibility of element located by By.xpath: (//div[@class='board-tile mod-add'])[1] (tried for 30 second(s) with 500 milliseconds interval)
	at test.Boards_Test.changeBoardName(Boards_Test.java:43)
Caused by: org.openqa.selenium.NoSuchElementException: 
no such element: Unable to locate element: {"method":"xpath","selector":"(//div[@class='board-tile mod-add'])[1]"}
  (Session info: chrome=95.0.4638.69)
For documentation on this error, please visit: https://www.seleniumhq.org/exceptions/no_such_element.html
Build info: version: '3.141.59', revision: 'e82be7d358', time: '2018-11-14T08:17:03'
System info: host: 'DESKTOP-7U2KV0A', ip: '192.168.230.98', os.name: 'Windows 10', os.arch: 'amd64', os.version: '10.0', java.version: '1.8.0_251'
Driver info: org.openqa.selenium.chrome.ChromeDriver
Capabilities {acceptInsecureCerts: false, browserName: chrome, browserVersion: 95.0.4638.69, chrome: {chromedriverVersion: 95.0.4638.54 (d31a821ec901f..., userDataDir: C:\Users\Agustin\AppData\Lo...}, goog:chromeOptions: {debuggerAddress: localhost:58000}, javascriptEnabled: true, networkConnectionEnabled: false, pageLoadStrategy: normal, platform: WINDOWS, platformName: WINDOWS, proxy: Proxy(), setWindowRect: true, strictFileInteractability: false, timeouts: {implicit: 0, pageLoad: 300000, script: 30000}, unhandledPromptBehavior: dismiss and notify, webauthn:extension:credBlob: true, webauthn:extension:largeBlob: true, webauthn:virtualAuthenticators: true}
Session ID: 68e48ad9cdf6511295657f8102141fe3
*** Element info: {Using=xpath, value=(//div[@class='board-tile mod-add'])[1]}
	at test.Boards_Test.changeBoardName(Boards_Test.java:43)
]]></failure>
    <system-err><![CDATA[Starting ChromeDriver 95.0.4638.54 (d31a821ec901f68d0d34ccdbaea45b4c86ce543e-refs/branch-heads/4638@{#871}) on port 27130
Only local connections are allowed.
Please see https://chromedriver.chromium.org/security-considerations for suggestions on keeping ChromeDriver safe.
ChromeDriver was started successfully.
Nov 05, 2021 11:40:30 AM org.openqa.selenium.remote.ProtocolHandshake createSession
INFO: Detected dialect: W3C
]]></system-err>
  </testcase>
  <testcase name="createNewBoard" classname="test.Boards_Test" time="29.938">
    <failure message="Expected condition failed: waiting for visibility of element located by By.xpath: (//div[@class=&apos;board-tile mod-add&apos;])[1] (tried for 30 second(s) with 500 milliseconds interval)" type="org.openqa.selenium.TimeoutException"><![CDATA[org.openqa.selenium.TimeoutException: Expected condition failed: waiting for visibility of element located by By.xpath: (//div[@class='board-tile mod-add'])[1] (tried for 30 second(s) with 500 milliseconds interval)
	at test.Boards_Test.createNewBoard(Boards_Test.java:36)
Caused by: org.openqa.selenium.NoSuchElementException: 
no such element: Unable to locate element: {"method":"xpath","selector":"(//div[@class='board-tile mod-add'])[1]"}
  (Session info: chrome=95.0.4638.69)
For documentation on this error, please visit: https://www.seleniumhq.org/exceptions/no_such_element.html
Build info: version: '3.141.59', revision: 'e82be7d358', time: '2018-11-14T08:17:03'
System info: host: 'DESKTOP-7U2KV0A', ip: '192.168.230.98', os.name: 'Windows 10', os.arch: 'amd64', os.version: '10.0', java.version: '1.8.0_251'
Driver info: org.openqa.selenium.chrome.ChromeDriver
Capabilities {acceptInsecureCerts: false, browserName: chrome, browserVersion: 95.0.4638.69, chrome: {chromedriverVersion: 95.0.4638.54 (d31a821ec901f..., userDataDir: C:\Users\Agustin\AppData\Lo...}, goog:chromeOptions: {debuggerAddress: localhost:58062}, javascriptEnabled: true, networkConnectionEnabled: false, pageLoadStrategy: normal, platform: WINDOWS, platformName: WINDOWS, proxy: Proxy(), setWindowRect: true, strictFileInteractability: false, timeouts: {implicit: 0, pageLoad: 300000, script: 30000}, unhandledPromptBehavior: dismiss and notify, webauthn:extension:credBlob: true, webauthn:extension:largeBlob: true, webauthn:virtualAuthenticators: true}
Session ID: 6954088b4479d8257554d5b770a682a1
*** Element info: {Using=xpath, value=(//div[@class='board-tile mod-add'])[1]}
	at test.Boards_Test.createNewBoard(Boards_Test.java:36)
]]></failure>
    <system-err><![CDATA[Starting ChromeDriver 95.0.4638.54 (d31a821ec901f68d0d34ccdbaea45b4c86ce543e-refs/branch-heads/4638@{#871}) on port 44950
Only local connections are allowed.
Please see https://chromedriver.chromium.org/security-considerations for suggestions on keeping ChromeDriver safe.
ChromeDriver was started successfully.
Nov 05, 2021 11:41:16 AM org.openqa.selenium.remote.ProtocolHandshake createSession
INFO: Detected dialect: W3C
]]></system-err>
  </testcase>
  <testcase name="setUp" classname="test.Card_Test" time="72.184">
    <failure message="Expected condition failed: waiting for visibility of element located by By.xpath: (//div[@class=&apos;board-tile mod-add&apos;])[1] (tried for 30 second(s) with 500 milliseconds interval)" type="org.openqa.selenium.TimeoutException"><![CDATA[org.openqa.selenium.TimeoutException: Expected condition failed: waiting for visibility of element located by By.xpath: (//div[@class='board-tile mod-add'])[1] (tried for 30 second(s) with 500 milliseconds interval)
	at test.Card_Test.setUp(Card_Test.java:27)
Caused by: org.openqa.selenium.NoSuchElementException: 
no such element: Unable to locate element: {"method":"xpath","selector":"(//div[@class='board-tile mod-add'])[1]"}
  (Session info: chrome=95.0.4638.69)
For documentation on this error, please visit: https://www.seleniumhq.org/exceptions/no_such_element.html
Build info: version: '3.141.59', revision: 'e82be7d358', time: '2018-11-14T08:17:03'
System info: host: 'DESKTOP-7U2KV0A', ip: '192.168.230.98', os.name: 'Windows 10', os.arch: 'amd64', os.version: '10.0', java.version: '1.8.0_251'
Driver info: org.openqa.selenium.chrome.ChromeDriver
Capabilities {acceptInsecureCerts: false, browserName: chrome, browserVersion: 95.0.4638.69, chrome: {chromedriverVersion: 95.0.4638.54 (d31a821ec901f..., userDataDir: C:\Users\Agustin\AppData\Lo...}, goog:chromeOptions: {debuggerAddress: localhost:58113}, javascriptEnabled: true, networkConnectionEnabled: false, pageLoadStrategy: normal, platform: WINDOWS, platformName: WINDOWS, proxy: Proxy(), setWindowRect: true, strictFileInteractability: false, timeouts: {implicit: 0, pageLoad: 300000, script: 30000}, unhandledPromptBehavior: dismiss and notify, webauthn:extension:credBlob: true, webauthn:extension:largeBlob: true, webauthn:virtualAuthenticators: true}
Session ID: 277e69a94329e1cebba36ded3ff718f1
*** Element info: {Using=xpath, value=(//div[@class='board-tile mod-add'])[1]}
	at test.Card_Test.setUp(Card_Test.java:27)
]]></failure>
    <system-err><![CDATA[Starting ChromeDriver 95.0.4638.54 (d31a821ec901f68d0d34ccdbaea45b4c86ce543e-refs/branch-heads/4638@{#871}) on port 41523
Only local connections are allowed.
Please see https://chromedriver.chromium.org/security-considerations for suggestions on keeping ChromeDriver safe.
ChromeDriver was started successfully.
Nov 05, 2021 11:41:58 AM org.openqa.selenium.remote.ProtocolHandshake createSession
INFO: Detected dialect: W3C
]]></system-err>
  </testcase>
  <testcase name="setUp" classname="test.Card_Test" time="0">
    <skipped/>
  </testcase>
  <testcase name="changeName" classname="test.Card_Test" time="0">
    <skipped message="Expected condition failed: waiting for visibility of element located by By.xpath: (//div[@class=&apos;board-tile mod-add&apos;])[1] (tried for 30 second(s) with 500 milliseconds interval)"/>
  </testcase>
  <testcase name="tearDown" classname="test.Card_Test" time="0">
    <skipped/>
  </testcase>
  <testcase name="tearDown" classname="test.Card_Test" time="0">
    <skipped/>
  </testcase>
  <testcase name="createNewCard" classname="test.Card_Test" time="0">
    <skipped message="Expected condition failed: waiting for visibility of element located by By.xpath: (//div[@class=&apos;board-tile mod-add&apos;])[1] (tried for 30 second(s) with 500 milliseconds interval)"/>
  </testcase>
  <testcase name="setUp" classname="test.List_Test" time="40.279">
    <failure message="Expected condition failed: waiting for visibility of element located by By.xpath: (//div[@class=&apos;board-tile mod-add&apos;])[1] (tried for 30 second(s) with 500 milliseconds interval)" type="org.openqa.selenium.TimeoutException"><![CDATA[org.openqa.selenium.TimeoutException: Expected condition failed: waiting for visibility of element located by By.xpath: (//div[@class='board-tile mod-add'])[1] (tried for 30 second(s) with 500 milliseconds interval)
	at test.List_Test.setUp(List_Test.java:27)
Caused by: org.openqa.selenium.NoSuchElementException: 
no such element: Unable to locate element: {"method":"xpath","selector":"(//div[@class='board-tile mod-add'])[1]"}
  (Session info: chrome=95.0.4638.69)
For documentation on this error, please visit: https://www.seleniumhq.org/exceptions/no_such_element.html
Build info: version: '3.141.59', revision: 'e82be7d358', time: '2018-11-14T08:17:03'
System info: host: 'DESKTOP-7U2KV0A', ip: '192.168.230.98', os.name: 'Windows 10', os.arch: 'amd64', os.version: '10.0', java.version: '1.8.0_251'
Driver info: org.openqa.selenium.chrome.ChromeDriver
Capabilities {acceptInsecureCerts: false, browserName: chrome, browserVersion: 95.0.4638.69, chrome: {chromedriverVersion: 95.0.4638.54 (d31a821ec901f..., userDataDir: C:\Users\Agustin\AppData\Lo...}, goog:chromeOptions: {debuggerAddress: localhost:58162}, javascriptEnabled: true, networkConnectionEnabled: false, pageLoadStrategy: normal, platform: WINDOWS, platformName: WINDOWS, proxy: Proxy(), setWindowRect: true, strictFileInteractability: false, timeouts: {implicit: 0, pageLoad: 300000, script: 30000}, unhandledPromptBehavior: dismiss and notify, webauthn:extension:credBlob: true, webauthn:extension:largeBlob: true, webauthn:virtualAuthenticators: true}
Session ID: c8d4c758e49886ca20b070784faec661
*** Element info: {Using=xpath, value=(//div[@class='board-tile mod-add'])[1]}
	at test.List_Test.setUp(List_Test.java:27)
]]></failure>
    <system-err><![CDATA[Starting ChromeDriver 95.0.4638.54 (d31a821ec901f68d0d34ccdbaea45b4c86ce543e-refs/branch-heads/4638@{#871}) on port 48189
Only local connections are allowed.
Please see https://chromedriver.chromium.org/security-considerations for suggestions on keeping ChromeDriver safe.
ChromeDriver was started successfully.
Nov 05, 2021 11:42:38 AM org.openqa.selenium.remote.ProtocolHandshake createSession
INFO: Detected dialect: W3C
]]></system-err>
  </testcase>
  <testcase name="setUp" classname="test.List_Test" time="0">
    <skipped/>
  </testcase>
  <testcase name="copyList" classname="test.List_Test" time="0">
    <skipped message="Expected condition failed: waiting for visibility of element located by By.xpath: (//div[@class=&apos;board-tile mod-add&apos;])[1] (tried for 30 second(s) with 500 milliseconds interval)"/>
  </testcase>
  <testcase name="tearDown" classname="test.List_Test" time="0">
    <skipped/>
  </testcase>
  <testcase name="tearDown" classname="test.List_Test" time="0">
    <skipped/>
  </testcase>
  <testcase name="createNewList" classname="test.List_Test" time="0">
    <skipped message="Expected condition failed: waiting for visibility of element located by By.xpath: (//div[@class=&apos;board-tile mod-add&apos;])[1] (tried for 30 second(s) with 500 milliseconds interval)"/>
  </testcase>
  <testcase name="invalidPassword" classname="test.Login_Test" time="1.774">
    <system-err><![CDATA[Starting ChromeDriver 95.0.4638.54 (d31a821ec901f68d0d34ccdbaea45b4c86ce543e-refs/branch-heads/4638@{#871}) on port 17411
Only local connections are allowed.
Please see https://chromedriver.chromium.org/security-considerations for suggestions on keeping ChromeDriver safe.
ChromeDriver was started successfully.
Nov 05, 2021 11:43:21 AM org.openqa.selenium.remote.ProtocolHandshake createSession
INFO: Detected dialect: W3C
]]></system-err>
  </testcase>
  <testcase name="invalidUserName" classname="test.Login_Test" time="1.812">
    <system-err><![CDATA[Starting ChromeDriver 95.0.4638.54 (d31a821ec901f68d0d34ccdbaea45b4c86ce543e-refs/branch-heads/4638@{#871}) on port 29254
Only local connections are allowed.
Please see https://chromedriver.chromium.org/security-considerations for suggestions on keeping ChromeDriver safe.
ChromeDriver was started successfully.
Nov 05, 2021 11:43:35 AM org.openqa.selenium.remote.ProtocolHandshake createSession
INFO: Detected dialect: W3C
]]></system-err>
  </testcase>
  <testcase name="successLogin" classname="test.Login_Test" time="31.009">
    <failure message="Expected condition failed: waiting for visibility of element located by By.xpath: //div[@title=&apos;agustin colque (agustincolque)&apos;]/span (tried for 30 second(s) with 500 milliseconds interval)" type="org.openqa.selenium.TimeoutException"><![CDATA[org.openqa.selenium.TimeoutException: Expected condition failed: waiting for visibility of element located by By.xpath: //div[@title='agustin colque (agustincolque)']/span (tried for 30 second(s) with 500 milliseconds interval)
	at test.Login_Test.successLogin(Login_Test.java:37)
Caused by: org.openqa.selenium.NoSuchElementException: 
no such element: Unable to locate element: {"method":"xpath","selector":"//div[@title='agustin colque (agustincolque)']/span"}
  (Session info: headless chrome=95.0.4638.69)
For documentation on this error, please visit: https://www.seleniumhq.org/exceptions/no_such_element.html
Build info: version: '3.141.59', revision: 'e82be7d358', time: '2018-11-14T08:17:03'
System info: host: 'DESKTOP-7U2KV0A', ip: '192.168.230.98', os.name: 'Windows 10', os.arch: 'amd64', os.version: '10.0', java.version: '1.8.0_251'
Driver info: org.openqa.selenium.chrome.ChromeDriver
Capabilities {acceptInsecureCerts: false, browserName: chrome, browserVersion: 95.0.4638.69, chrome: {chromedriverVersion: 95.0.4638.54 (d31a821ec901f..., userDataDir: C:\Users\Agustin\AppData\Lo...}, goog:chromeOptions: {debuggerAddress: localhost:58315}, javascriptEnabled: true, networkConnectionEnabled: false, pageLoadStrategy: normal, platform: WINDOWS, platformName: WINDOWS, proxy: Proxy(), setWindowRect: true, strictFileInteractability: false, timeouts: {implicit: 0, pageLoad: 300000, script: 30000}, unhandledPromptBehavior: dismiss and notify, webauthn:extension:credBlob: true, webauthn:extension:largeBlob: true, webauthn:virtualAuthenticators: true}
Session ID: da6088f1cd0aa327eacef63d771ee8a0
*** Element info: {Using=xpath, value=//div[@title='agustin colque (agustincolque)']/span}
	at test.Login_Test.successLogin(Login_Test.java:37)
]]></failure>
    <system-err><![CDATA[Starting ChromeDriver 95.0.4638.54 (d31a821ec901f68d0d34ccdbaea45b4c86ce543e-refs/branch-heads/4638@{#871}) on port 3034
Only local connections are allowed.
Please see https://chromedriver.chromium.org/security-considerations for suggestions on keeping ChromeDriver safe.
ChromeDriver was started successfully.
Nov 05, 2021 11:43:47 AM org.openqa.selenium.remote.ProtocolHandshake createSession
INFO: Detected dialect: W3C
]]></system-err>
  </testcase>
</testsuite>